<?xml version="1.0" encoding="UTF-8"?>
<coverage generated="1695128105939" clover="3.2.0">
  <project timestamp="1695128105939" name="All files">
    <metrics statements="28" coveredstatements="14" conditionals="20" coveredconditionals="4" methods="10" coveredmethods="3" elements="58" coveredelements="21" complexity="0" loc="28" ncloc="28" packages="1" files="1" classes="1"/>
    <file name="index.jsx" path="/home/mpdb/Projects/react_shiny-agency_tuto-open-classrooms/src/pages/Results/index.jsx">
      <metrics statements="28" coveredstatements="14" conditionals="20" coveredconditionals="4" methods="10" coveredmethods="3"/>
      <line num="8" count="1" type="stmt"/>
      <line num="15" count="0" type="cond" truecount="0" falsecount="2"/>
      <line num="18" count="1" type="stmt"/>
      <line num="19" count="0" type="cond" truecount="0" falsecount="2"/>
      <line num="29" count="1" type="stmt"/>
      <line num="33" count="1" type="stmt"/>
      <line num="35" count="0" type="cond" truecount="0" falsecount="2"/>
      <line num="39" count="1" type="stmt"/>
      <line num="42" count="0" type="cond" truecount="0" falsecount="2"/>
      <line num="50" count="1" type="stmt"/>
      <line num="56" count="2" type="stmt"/>
      <line num="58" count="2" type="stmt"/>
      <line num="59" count="3" type="stmt"/>
      <line num="60" count="3" type="cond" truecount="2" falsecount="0"/>
      <line num="61" count="3" type="stmt"/>
      <line num="66" count="2" type="cond" truecount="2" falsecount="0"/>
      <line num="67" count="1" type="stmt"/>
      <line num="69" count="1" type="stmt"/>
      <line num="73" count="0" type="stmt"/>
      <line num="74" count="0" type="stmt"/>
      <line num="75" count="0" type="stmt"/>
      <line num="77" count="0" type="stmt"/>
      <line num="81" count="0" type="cond" truecount="0" falsecount="2"/>
      <line num="82" count="0" type="stmt"/>
      <line num="85" count="0" type="stmt"/>
      <line num="87" count="0" type="cond" truecount="0" falsecount="2"/>
      <line num="97" count="0" type="stmt"/>
      <line num="111" count="0" type="stmt"/>
    </file>
  </project>
</coverage>
