<?xml version="1.0" encoding="UTF-8"?>
<coverage generated="1695134180820" clover="3.2.0">
  <project timestamp="1695134180820" name="All files">
    <metrics statements="23" coveredstatements="18" conditionals="8" coveredconditionals="3" methods="8" coveredmethods="5" elements="39" coveredelements="26" complexity="0" loc="23" ncloc="23" packages="2" files="2" classes="2"/>
    <package name="components.Card">
      <metrics statements="11" coveredstatements="11" conditionals="6" coveredconditionals="3" methods="4" coveredmethods="4"/>
      <file name="index.jsx" path="/home/mpdb/Projects/react_shiny-agency_tuto-open-classrooms/src/components/Card/index.jsx">
        <metrics statements="11" coveredstatements="11" conditionals="6" coveredconditionals="3" methods="4" coveredmethods="4"/>
        <line num="7" count="1" type="stmt"/>
        <line num="8" count="1" type="cond" truecount="1" falsecount="1"/>
        <line num="14" count="1" type="stmt"/>
        <line num="15" count="1" type="cond" truecount="1" falsecount="1"/>
        <line num="21" count="1" type="stmt"/>
        <line num="28" count="1" type="stmt"/>
        <line num="34" count="1" type="cond" truecount="1" falsecount="1"/>
        <line num="44" count="1" type="stmt"/>
        <line num="46" count="1" type="stmt"/>
        <line num="55" count="1" type="stmt"/>
        <line num="61" count="1" type="stmt"/>
      </file>
    </package>
    <package name="utils.context">
      <metrics statements="12" coveredstatements="7" conditionals="2" coveredconditionals="0" methods="4" coveredmethods="1"/>
      <file name="index.jsx" path="/home/mpdb/Projects/react_shiny-agency_tuto-open-classrooms/src/utils/context/index.jsx">
        <metrics statements="12" coveredstatements="7" conditionals="2" coveredconditionals="0" methods="4" coveredmethods="1"/>
        <line num="3" count="1" type="stmt"/>
        <line num="5" count="1" type="stmt"/>
        <line num="6" count="1" type="stmt"/>
        <line num="7" count="1" type="stmt"/>
        <line num="8" count="0" type="cond" truecount="0" falsecount="2"/>
        <line num="11" count="1" type="stmt"/>
        <line num="18" count="1" type="stmt"/>
        <line num="20" count="1" type="stmt"/>
        <line num="21" count="0" type="stmt"/>
        <line num="22" count="0" type="stmt"/>
        <line num="23" count="0" type="stmt"/>
        <line num="26" count="0" type="stmt"/>
      </file>
    </package>
  </project>
</coverage>
