{"/home/mpdb/Projects/react_shiny-agency_tuto-open-classrooms/src/components/Card/index.jsx": {"path":"/home/mpdb/Projects/react_shiny-agency_tuto-open-classrooms/src/components/Card/index.jsx","statementMap":{"0":{"start":{"line":7,"column":18},"end":{"line":12,"column":1}},"1":{"start":{"line":8,"column":27},"end":{"line":8,"column":73}},"2":{"start":{"line":14,"column":18},"end":{"line":19,"column":1}},"3":{"start":{"line":15,"column":27},"end":{"line":15,"column":68}},"4":{"start":{"line":21,"column":18},"end":{"line":26,"column":1}},"5":{"start":{"line":28,"column":20},"end":{"line":41,"column":1}},"6":{"start":{"line":34,"column":4},"end":{"line":34,"column":70}},"7":{"start":{"line":44,"column":20},"end":{"line":44,"column":30}},"8":{"start":{"line":46,"column":2},"end":{"line":52,"column":3}},"9":{"start":{"line":55,"column":0},"end":{"line":59,"column":1}},"10":{"start":{"line":61,"column":0},"end":{"line":65,"column":1}}},"fnMap":{"0":{"name":"(anonymous_0)","decl":{"start":{"line":8,"column":11},"end":{"line":8,"column":12}},"loc":{"start":{"line":8,"column":27},"end":{"line":8,"column":73}},"line":8},"1":{"name":"(anonymous_1)","decl":{"start":{"line":15,"column":11},"end":{"line":15,"column":12}},"loc":{"start":{"line":15,"column":27},"end":{"line":15,"column":68}},"line":15},"2":{"name":"(anonymous_2)","decl":{"start":{"line":33,"column":22},"end":{"line":33,"column":23}},"loc":{"start":{"line":34,"column":4},"end":{"line":34,"column":70}},"line":34},"3":{"name":"Card","decl":{"start":{"line":43,"column":9},"end":{"line":43,"column":13}},"loc":{"start":{"line":43,"column":41},"end":{"line":53,"column":1}},"line":43}},"branchMap":{"0":{"loc":{"start":{"line":8,"column":27},"end":{"line":8,"column":73}},"type":"cond-expr","locations":[{"start":{"line":8,"column":47},"end":{"line":8,"column":61}},{"start":{"line":8,"column":64},"end":{"line":8,"column":73}}],"line":8},"1":{"loc":{"start":{"line":15,"column":27},"end":{"line":15,"column":68}},"type":"cond-expr","locations":[{"start":{"line":15,"column":47},"end":{"line":15,"column":56}},{"start":{"line":15,"column":59},"end":{"line":15,"column":68}}],"line":15},"2":{"loc":{"start":{"line":34,"column":4},"end":{"line":34,"column":70}},"type":"cond-expr","locations":[{"start":{"line":34,"column":24},"end":{"line":34,"column":46}},{"start":{"line":34,"column":49},"end":{"line":34,"column":70}}],"line":34}},"s":{"0":1,"1":1,"2":1,"3":1,"4":1,"5":1,"6":1,"7":1,"8":1,"9":1,"10":1},"f":{"0":1,"1":1,"2":1,"3":1},"b":{"0":[1,0],"1":[1,0],"2":[1,0]},"_coverageSchema":"1a1c01bbd47fc00a2c39e90264f33305004495a9","hash":"00171a87c73893217b9ba596a6cb1359c4d13e68"}
,"/home/mpdb/Projects/react_shiny-agency_tuto-open-classrooms/src/utils/context/index.jsx": {"path":"/home/mpdb/Projects/react_shiny-agency_tuto-open-classrooms/src/utils/context/index.jsx","statementMap":{"0":{"start":{"line":3,"column":28},"end":{"line":3,"column":43}},"1":{"start":{"line":5,"column":29},"end":{"line":16,"column":1}},"2":{"start":{"line":6,"column":28},"end":{"line":6,"column":45}},"3":{"start":{"line":7,"column":22},"end":{"line":9,"column":3}},"4":{"start":{"line":8,"column":4},"end":{"line":8,"column":50}},"5":{"start":{"line":11,"column":2},"end":{"line":15,"column":3}},"6":{"start":{"line":18,"column":29},"end":{"line":18,"column":44}},"7":{"start":{"line":20,"column":30},"end":{"line":31,"column":1}},"8":{"start":{"line":21,"column":32},"end":{"line":21,"column":44}},"9":{"start":{"line":22,"column":22},"end":{"line":24,"column":3}},"10":{"start":{"line":23,"column":4},"end":{"line":23,"column":45}},"11":{"start":{"line":26,"column":2},"end":{"line":30,"column":3}}},"fnMap":{"0":{"name":"(anonymous_0)","decl":{"start":{"line":5,"column":29},"end":{"line":5,"column":30}},"loc":{"start":{"line":5,"column":47},"end":{"line":16,"column":1}},"line":5},"1":{"name":"(anonymous_1)","decl":{"start":{"line":7,"column":22},"end":{"line":7,"column":23}},"loc":{"start":{"line":7,"column":28},"end":{"line":9,"column":3}},"line":7},"2":{"name":"(anonymous_2)","decl":{"start":{"line":20,"column":30},"end":{"line":20,"column":31}},"loc":{"start":{"line":20,"column":48},"end":{"line":31,"column":1}},"line":20},"3":{"name":"(anonymous_3)","decl":{"start":{"line":22,"column":22},"end":{"line":22,"column":23}},"loc":{"start":{"line":22,"column":38},"end":{"line":24,"column":3}},"line":22}},"branchMap":{"0":{"loc":{"start":{"line":8,"column":13},"end":{"line":8,"column":49}},"type":"cond-expr","locations":[{"start":{"line":8,"column":33},"end":{"line":8,"column":39}},{"start":{"line":8,"column":42},"end":{"line":8,"column":49}}],"line":8}},"s":{"0":1,"1":1,"2":1,"3":1,"4":0,"5":1,"6":1,"7":1,"8":0,"9":0,"10":0,"11":0},"f":{"0":1,"1":0,"2":0,"3":0},"b":{"0":[0,0]},"_coverageSchema":"1a1c01bbd47fc00a2c39e90264f33305004495a9","hash":"c1a2b9a6b581ddbf070dbbb2f1cb8898d1f504c8"}
}
