TN:
SF:src/components/Footer/index.jsx
FN:20,Footer
FN:25,(anonymous_1)
FNF:2
FNH:2
FNDA:3,Footer
FNDA:1,(anonymous_1)
DA:5,1
DA:13,1
DA:21,3
DA:23,3
DA:25,1
LF:5
LH:5
BRDA:26,0,0,2
BRDA:26,0,1,1
BRF:2
BRH:2
end_of_record
TN:
SF:src/utils/context/index.jsx
FN:5,(anonymous_0)
FN:7,(anonymous_1)
FN:20,(anonymous_2)
FN:22,(anonymous_3)
FNF:4
FNH:2
FNDA:3,(anonymous_0)
FNDA:1,(anonymous_1)
FNDA:0,(anonymous_2)
FNDA:0,(anonymous_3)
DA:3,1
DA:5,1
DA:6,3
DA:7,3
DA:8,1
DA:11,3
DA:18,1
DA:20,1
DA:21,0
DA:22,0
DA:23,0
DA:26,0
LF:12
LH:8
BRDA:8,0,0,1
BRDA:8,0,1,0
BRF:2
BRH:1
end_of_record
