TN:
SF:src/components/Card/index.jsx
FN:8,(anonymous_0)
FN:15,(anonymous_1)
FN:33,(anonymous_2)
FN:43,Card
FNF:4
FNH:4
FNDA:1,(anonymous_0)
FNDA:1,(anonymous_1)
FNDA:1,(anonymous_2)
FNDA:1,Card
DA:7,1
DA:8,1
DA:14,1
DA:15,1
DA:21,1
DA:28,1
DA:34,1
DA:44,1
DA:46,1
DA:55,1
DA:61,1
LF:11
LH:11
BRDA:8,0,0,1
BRDA:8,0,1,0
BRDA:15,1,0,1
BRDA:15,1,1,0
BRDA:34,2,0,1
BRDA:34,2,1,0
BRF:6
BRH:3
end_of_record
TN:
SF:src/utils/context/index.jsx
FN:5,(anonymous_0)
FN:7,(anonymous_1)
FN:20,(anonymous_2)
FN:22,(anonymous_3)
FNF:4
FNH:1
FNDA:1,(anonymous_0)
FNDA:0,(anonymous_1)
FNDA:0,(anonymous_2)
FNDA:0,(anonymous_3)
DA:3,1
DA:5,1
DA:6,1
DA:7,1
DA:8,0
DA:11,1
DA:18,1
DA:20,1
DA:21,0
DA:22,0
DA:23,0
DA:26,0
LF:12
LH:7
BRDA:8,0,0,0
BRDA:8,0,1,0
BRF:2
BRH:0
end_of_record
