TN:
SF:src/pages/Results/index.jsx
FN:14,(anonymous_0)
FN:19,(anonymous_1)
FN:34,(anonymous_2)
FN:42,(anonymous_3)
FN:55,formatQueryParams
FN:58,(anonymous_5)
FN:65,formatJobList
FN:72,Results
FN:96,(anonymous_8)
FN:110,(anonymous_9)
FNF:10
FNH:3
FNDA:0,(anonymous_0)
FNDA:0,(anonymous_1)
FNDA:0,(anonymous_2)
FNDA:0,(anonymous_3)
FNDA:2,formatQueryParams
FNDA:3,(anonymous_5)
FNDA:2,formatJobList
FNDA:0,Results
FNDA:0,(anonymous_8)
FNDA:0,(anonymous_9)
DA:8,1
DA:15,0
DA:18,1
DA:19,0
DA:29,1
DA:33,1
DA:35,0
DA:39,1
DA:42,0
DA:50,1
DA:56,2
DA:58,2
DA:59,3
DA:60,3
DA:61,3
DA:66,2
DA:67,1
DA:69,1
DA:73,0
DA:74,0
DA:75,0
DA:77,0
DA:81,0
DA:82,0
DA:85,0
DA:87,0
DA:97,0
DA:111,0
LF:28
LH:14
BRDA:15,0,0,0
BRDA:15,0,1,0
BRDA:19,1,0,0
BRDA:19,1,1,0
BRDA:35,2,0,0
BRDA:35,2,1,0
BRDA:42,3,0,0
BRDA:42,3,1,0
BRDA:60,4,0,2
BRDA:60,4,1,1
BRDA:66,5,0,1
BRDA:66,5,1,1
BRDA:81,6,0,0
BRDA:81,6,1,0
BRDA:87,7,0,0
BRDA:87,7,1,0
BRDA:95,8,0,0
BRDA:95,8,1,0
BRDA:109,9,0,0
BRDA:109,9,1,0
BRF:20
BRH:4
end_of_record
